<?xml version="1.0" encoding="UTF-8"?>
<!-- Generated by org.testng.reporters.JUnitReportReporter -->
<testsuite hostname="Rohit" failures="0" tests="1" name="pack1.Pombrowser" time="19.779" errors="0" timestamp="2022-07-28T15:01:36 IST" skipped="0">
  <testcase classname="pack1.Pombrowser" name="Browser" time="19.779"/>
  <system-out/>
</testsuite> <!-- pack1.Pombrowser -->
